nohup: ignoring input
error: cannot pull with rebase: You have unstaged changes.
error: Please commit or stash them.
[main 93c294c] Auto commit - 2025-04-10 07:11:17
 1 file changed, 24 deletions(-)
To github.com:drackosters/Projet-CIEL-IOT.git
   6591752..93c294c  main -> main
From github.com:drackosters/Projet-CIEL-IOT
 * branch            main       -> FETCH_HEAD
Already up to date.
[main cb49b3f] Auto commit - 2025-04-10 07:11:35
 1 file changed, 3 insertions(+)
To github.com:drackosters/Projet-CIEL-IOT.git
   3bcf819..cb49b3f  main -> main
From github.com:drackosters/Projet-CIEL-IOT
 * branch            main       -> FETCH_HEAD
Already up to date.
[main fe4bba2] Auto commit - 2025-04-10 07:11:52
 1 file changed, 3 insertions(+)
To github.com:drackosters/Projet-CIEL-IOT.git
   974ff21..fe4bba2  main -> main
error: cannot pull with rebase: You have unstaged changes.
error: Please commit or stash them.
[main 85f5f35] Auto commit - 2025-04-10 07:12:08
 2 files changed, 3 insertions(+), 1 deletion(-)
To github.com:drackosters/Projet-CIEL-IOT.git
   49438d9..85f5f35  main -> main
From github.com:drackosters/Projet-CIEL-IOT
 * branch            main       -> FETCH_HEAD
Already up to date.
[main e4481b8] Auto commit - 2025-04-10 07:12:26
 1 file changed, 3 insertions(+)
To github.com:drackosters/Projet-CIEL-IOT.git
   355a7f6..e4481b8  main -> main
error: cannot pull with rebase: You have unstaged changes.
error: Please commit or stash them.
[main e45e913] Auto commit - 2025-04-10 07:12:42
 2 files changed, 3 insertions(+), 1 deletion(-)
To github.com:drackosters/Projet-CIEL-IOT.git
   6309bdd..e45e913  main -> main
From github.com:drackosters/Projet-CIEL-IOT
 * branch            main       -> FETCH_HEAD
Already up to date.
[main 5a4d25d] Auto commit - 2025-04-10 07:13:00
 1 file changed, 3 insertions(+)
To github.com:drackosters/Projet-CIEL-IOT.git
   3a5547e..5a4d25d  main -> main
error: cannot pull with rebase: You have unstaged changes.
error: Please commit or stash them.
[main edf9d0e] Auto commit - 2025-04-10 07:13:16
 1 file changed, 4 insertions(+)
To github.com:drackosters/Projet-CIEL-IOT.git
   b4ecef4..edf9d0e  main -> main
error: cannot pull with rebase: You have unstaged changes.
error: Please commit or stash them.
[main 2517737] Auto commit - 2025-04-10 07:13:32
 2 files changed, 4 insertions(+)
To github.com:drackosters/Projet-CIEL-IOT.git
   e3cc4b6..2517737  main -> main
error: cannot pull with rebase: You have unstaged changes.
error: Please commit or stash them.
[main 8e5fc0b] Auto commit - 2025-04-10 07:13:49
 2 files changed, 4 insertions(+)
From github.com:drackosters/Projet-CIEL-IOT
 * branch            main       -> FETCH_HEAD
Already up to date.
error: Your local changes to the following files would be overwritten by merge:
	sync.log
Please commit your changes or stash them before you merge.
Aborting
On branch main
Your branch is up to date with 'origin/main'.

Changes not staged for commit:
  (use "git add <file>..." to update what will be committed)
  (use "git restore <file>..." to discard changes in working directory)
	modified:   sync.log

no changes added to commit (use "git add" and/or "git commit -a")
The stash entry is kept in case you need it again.
