[test] vraiment
[test] vraiment
[test] vraiment
[test] vraiment
[test/ecole] est-ce que tu reçois
[test] vraiment
[shellies/shelly/lampe/light/0/energy] 0
[shellies/shelly/lampe/light/0] on
[shellies/shelly/lampe/light/0/status] {"ison":true,"has_timer":false,"timer_started":0,"timer_duration":0,"timer_remaining":0,"brightness":36}
[shellies/shelly/lampe/light/0/power] 0.78
[shellies/shelly/lampe/light/0/energy] 0
[shellies/shelly/lampe/light/0] on
[shellies/shelly/lampe/light/0/status] {"ison":true,"has_timer":false,"timer_started":0,"timer_duration":0,"timer_remaining":0,"brightness":36}
[shellies/shelly/lampe/light/0/power] 0.78
[shellies/shelly/lampe/light/0/energy] 0
[shellies/shelly/lampe/light/0/energy] 1
[shellies/shelly/lampe/light/0] on
[shellies/shelly/lampe/light/0/status] {"ison":true,"has_timer":false,"timer_started":0,"timer_duration":0,"timer_remaining":0,"brightness":36}
[shellies/shelly/lampe/light/0/power] 0.78
[shellies/shelly/lampe/light/0/energy] 1
[shellies/shelly/lampe/light/0] on
[shellies/shelly/lampe/light/0/status] {"ison":true,"has_timer":false,"timer_started":0,"timer_duration":0,"timer_remaining":0,"brightness":36}
[shellies/shelly/lampe/light/0/power] 0.78
[shellies/shelly/lampe/light/0/energy] 1
[test] vraiment
[shellies/shelly/lampe/light/0] on
[shellies/shelly/lampe/light/0/status] {"ison":true,"has_timer":false,"timer_started":0,"timer_duration":0,"timer_remaining":0,"brightness":100}
[shellies/shelly/lampe/light/0/power] 6.00
[shellies/shelly/lampe/light/0/energy] 9
[shellies/shelly/lampe/light/0/energy] 15
[shellies/shelly/lampe/light/0] on
[shellies/shelly/lampe/light/0/status] {"ison":true,"has_timer":false,"timer_started":0,"timer_duration":0,"timer_remaining":0,"brightness":100}
[shellies/shelly/lampe/light/0/power] 6.00
[shellies/shelly/lampe/light/0/energy] 15
[test] vraiment
[shellies/shelly/lampe/light/0] on
[shellies/shelly/lampe/light/0/status] {"ison":true,"has_timer":false,"timer_started":0,"timer_duration":0,"timer_remaining":0,"brightness":100}
[shellies/shelly/lampe/light/0/status] {"ison":true,"has_timer":false,"timer_started":0,"timer_duration":0,"timer_remaining":0,"brightness":100}
[shellies/shelly/lampe/light/0/power] 6.00
[shellies/shelly/lampe/light/0/power] 6.00
[shellies/shelly/lampe/light/0/energy] 15
[shellies/shelly/lampe/light/0/energy] 15
[shellies/shelly/lampe/light/0/energy] 21
[shellies/shelly/lampe/light/0/energy] 21
[shellies/shelly/lampe/light/0] on
[shellies/shelly/lampe/light/0] on
[shellies/shelly/lampe/light/0/status] {"ison":true,"has_timer":false,"timer_started":0,"timer_duration":0,"timer_remaining":0,"brightness":100}
[shellies/shelly/lampe/light/0/status] {"ison":true,"has_timer":false,"timer_started":0,"timer_duration":0,"timer_remaining":0,"brightness":100}
[shellies/shelly/lampe/light/0/power] 6.00
[shellies/shelly/lampe/light/0/energy] 21

[shellies/shelly/lampe/light/0/energy] 21
[shellies/shelly/lampe/light/0] on
[shellies/shelly/lampe/light/0/status] {"ison":true,"has_timer":false,"timer_started":0,"timer_duration":0,"timer_remaining":0,"brightness":100}
[shellies/shelly/lampe/light/0/power] 6.00
[shellies/shelly/lampe/light/0/energy] 21
[shellies/shelly/lampe/light/0] on
[shellies/shelly/lampe/light/0/status] {"ison":true,"has_timer":false,"timer_started":0,"timer_duration":0,"timer_remaining":0,"brightness":62}
[shellies/shelly/lampe/light/0/power] 2.31
[shellies/shelly/lampe/light/0/energy] 21
[shellies/shelly/lampe/light/0] on
[shellies/shelly/lampe/light/0/status] {"ison":true,"has_timer":false,"timer_started":0,"timer_duration":0,"timer_remaining":0,"brightness":79}
[shellies/shelly/lampe/light/0/power] 3.74
[shellies/shelly/lampe/light/0/energy] 21
[shellies/shelly/lampe/light/0] on
[shellies/shelly/lampe/light/0/status] {"ison":true,"has_timer":false,"timer_started":0,"timer_duration":0,"timer_remaining":0,"brightness":34}
[shellies/shelly/lampe/light/0/power] 0.69
[shellies/shelly/lampe/light/0/energy] 21
[shellies/shelly/lampe/light/0] on
[shellies/shelly/lampe/light/0/status] {"ison":true,"has_timer":false,"timer_started":0,"timer_duration":0,"timer_remaining":0,"brightness":100}
[shellies/shelly/lampe/light/0/power] 6.00
[shellies/shelly/lampe/light/0/energy] 21
[shellies/shelly/lampe/light/0/energy] 26
[shellies/shelly/lampe/light/0] on
[shellies/shelly/lampe/light/0/status] {"ison":true,"has_timer":false,"timer_started":0,"timer_duration":0,"timer_remaining":0,"brightness":100}
[shellies/shelly/lampe/light/0/power] 6.00
[shellies/shelly/lampe/light/0/energy] 26
[test] vraiment
[shellies/shelly/lampe/light/0/energy] 32
[shellies/shelly/lampe/light/0] on
[shellies/shelly/lampe/light/0/status] {"ison":true,"has_timer":false,"timer_started":0,"timer_duration":0,"timer_remaining":0,"brightness":100}
[shellies/shelly/lampe/light/0/power] 6.00
[shellies/shelly/lampe/light/0/energy] 32
[shellies/shelly/lampe/light/0] on
[shellies/shelly/lampe/light/0/status] {"ison":true,"has_timer":false,"timer_started":0,"timer_duration":0,"timer_remaining":0,"brightness":100}
[shellies/shelly/lampe/light/0/power] 6.00
[shellies/shelly/lampe/light/0/energy] 32
[shellies/shelly/lampe/light/0/energy] 38
[shellies/shelly/lampe/light/0] on
[shellies/shelly/lampe/light/0/status] {"ison":true,"has_timer":false,"timer_started":0,"timer_duration":0,"timer_remaining":0,"brightness":100}
[shellies/shelly/lampe/light/0/power] 6.00
[shellies/shelly/lampe/light/0/energy] 38
[shellies/shelly/lampe/light/0] on
[shellies/shelly/lampe/light/0/status] {"ison":true,"has_timer":false,"timer_started":0,"timer_duration":0,"timer_remaining":0,"brightness":100}
[shellies/shelly/lampe/light/0/power] 6.00
[shellies/shelly/lampe/light/0/energy] 38
[shellies/shelly/lampe/light/0] on
[shellies/shelly/lampe/light/0/status] {"ison":true,"has_timer":false,"timer_started":0,"timer_duration":0,"timer_remaining":0,"brightness":51}
[shellies/shelly/lampe/light/0/power] 1.56
[shellies/shelly/lampe/light/0/energy] 38
[shellies/shelly/lampe/light/0] on
[shellies/shelly/lampe/light/0/status] {"ison":true,"has_timer":false,"timer_started":0,"timer_duration":0,"timer_remaining":0,"brightness":79}
[shellies/shelly/lampe/light/0/power] 3.74
[shellies/shelly/lampe/light/0/energy] 38
[shellies/shelly/lampe/light/0/energy] 43
[shellies/shelly/lampe/light/0] on
[shellies/shelly/lampe/light/0/status] {"ison":true,"has_timer":false,"timer_started":0,"timer_duration":0,"timer_remaining":0,"brightness":1}
[shellies/shelly/lampe/light/0/power] 0.01
[shellies/shelly/lampe/light/0/energy] 43
[shellies/shelly/lampe/light/0] on
[shellies/shelly/lampe/light/0/status] {"ison":true,"has_timer":false,"timer_started":0,"timer_duration":0,"timer_remaining":0,"brightness":97}
[shellies/shelly/lampe/light/0/power] 5.65
[shellies/shelly/lampe/light/0/energy] 43
[shellies/shelly/lampe/light/0] on
[shellies/shelly/lampe/light/0/status] {"ison":true,"has_timer":false,"timer_started":0,"timer_duration":0,"timer_remaining":0,"brightness":55}
[shellies/shelly/lampe/light/0/power] 1.82
[shellies/shelly/lampe/light/0/energy] 43
[shellies/shelly/lampe/light/0] on
[shellies/shelly/lampe/light/0/status] {"ison":true,"has_timer":false,"timer_started":0,"timer_duration":0,"timer_remaining":0,"brightness":83}
[shellies/shelly/lampe/light/0/power] 4.13
[shellies/shelly/lampe/light/0/energy] 43
[shellies/shelly/lampe/light/0] on
[shellies/shelly/lampe/light/0/status] {"ison":true,"has_timer":false,"timer_started":0,"timer_duration":0,"timer_remaining":0,"brightness":83}
[shellies/shelly/lampe/light/0/power] 4.13
[shellies/shelly/lampe/light/0/energy] 43
[shellies/shelly/lampe/light/0] on
[shellies/shelly/lampe/light/0/status] {"ison":true,"has_timer":false,"timer_started":0,"timer_duration":0,"timer_remaining":0,"brightness":100}
[shellies/shelly/lampe/light/0/power] 6.00
[shellies/shelly/lampe/light/0/energy] 43
[shellies/shelly/lampe/light/0] off
[shellies/shelly/lampe/light/0/status] {"ison":false,"has_timer":false,"timer_started":0,"timer_duration":0,"timer_remaining":0,"brightness":100}
[shellies/shelly/lampe/light/0/power] 0.00
[shellies/shelly/lampe/light/0/energy] 43
[shellies/shelly/lampe/light/0] on
[shellies/shelly/lampe/light/0/status] {"ison":true,"has_timer":false,"timer_started":0,"timer_duration":0,"timer_remaining":0,"brightness":100}
[shellies/shelly/lampe/light/0/power] 6.00
[shellies/shelly/lampe/light/0/energy] 43
[shellies/shelly/lampe/light/0] on
[shellies/shelly/lampe/light/0/status] {"ison":true,"has_timer":false,"timer_started":0,"timer_duration":0,"timer_remaining":0,"brightness":100}
[shellies/shelly/lampe/light/0/power] 6.00
[shellies/shelly/lampe/light/0/energy] 43
[shellies/shelly/lampe/light/0/energy] 49
[shellies/shelly/lampe/light/0] on
[shellies/shelly/lampe/light/0/status] {"ison":true,"has_timer":false,"timer_started":0,"timer_duration":0,"timer_remaining":0,"brightness":100}
[shellies/shelly/lampe/light/0/power] 6.00
[shellies/shelly/lampe/light/0/energy] 49
[shellies/shelly/lampe/light/0] on
[shellies/shelly/lampe/light/0/status] {"ison":true,"has_timer":false,"timer_started":0,"timer_duration":0,"timer_remaining":0,"brightness":100}
[shellies/shelly/lampe/light/0/power] 6.00
[shellies/shelly/lampe/light/0/energy] 49
[shellies/shelly/lampe/light/0/energy] 55
[shellies/shelly/lampe/light/0] on
[shellies/shelly/lampe/light/0/status] {"ison":true,"has_timer":false,"timer_started":0,"timer_duration":0,"timer_remaining":0,"brightness":100}
[shellies/shelly/lampe/light/0/power] 6.00
[shellies/shelly/lampe/light/0/energy] 55
[shellies/shelly/lampe/light/0] on
[shellies/shelly/lampe/light/0/status] {"ison":true,"has_timer":false,"timer_started":0,"timer_duration":0,"timer_remaining":0,"brightness":100}
[shellies/shelly/lampe/light/0/power] 6.00
[shellies/shelly/lampe/light/0/energy] 55
[test] vraiment
[shellies/shelly/lampe/light/0] on
[shellies/shelly/lampe/light/0/status] {"ison":true,"has_timer":false,"timer_started":0,"timer_duration":0,"timer_remaining":0,"brightness":100}
[shellies/shelly/lampe/light/0/power] 6.00
[shellies/shelly/lampe/light/0/energy] 79
[shellies/shelly/lampe/light/0/energy] 85
[test] vraiment
[shellies/shelly/lampe/light/0] on
[shellies/shelly/lampe/light/0] on
[shellies/shelly/lampe/light/0/status] {"ison":true,"has_timer":false,"timer_started":0,"timer_duration":0,"timer_remaining":0,"brightness":100}
[shellies/shelly/lampe/light/0/power] 6.00
[shellies/shelly/lampe/light/0/energy] 85
[shellies/shelly/lampe/light/0] on
[shellies/shelly/lampe/light/0/status] {"ison":true,"has_timer":false,"timer_started":0,"timer_duration":0,"timer_remaining":0,"brightness":60}
[shellies/shelly/lampe/light/0/power] 2.16
[shellies/shelly/lampe/light/0/energy] 85
[shellies/shelly/lampe/light/0] on
[shellies/shelly/lampe/light/0/status] {"ison":true,"has_timer":false,"timer_started":0,"timer_duration":0,"timer_remaining":0,"brightness":78}
[shellies/shelly/lampe/light/0/power] 3.65
[shellies/shelly/lampe/light/0/energy] 85
[shellies/shelly/lampe/light/0] on
[shellies/shelly/lampe/light/0/status] {"ison":true,"has_timer":false,"timer_started":0,"timer_duration":0,"timer_remaining":0,"brightness":56}
[shellies/shelly/lampe/light/0/power] 1.88
[shellies/shelly/lampe/light/0/energy] 85
[shellies/shelly/lampe/light/0] on
[shellies/shelly/lampe/light/0/status] {"ison":true,"has_timer":false,"timer_started":0,"timer_duration":0,"timer_remaining":0,"brightness":58}
[shellies/shelly/lampe/light/0/power] 2.02
[shellies/shelly/lampe/light/0/energy] 85
[shellies/shelly/lampe/light/0] on
[shellies/shelly/lampe/light/0/status] {"ison":true,"has_timer":false,"timer_started":0,"timer_duration":0,"timer_remaining":0,"brightness":100}
[shellies/shelly/lampe/light/0/power] 6.00
[shellies/shelly/lampe/light/0/energy] 85
[shellies/shelly/lampe/light/0] off
[shellies/shelly/lampe/light/0/status] {"ison":false,"has_timer":false,"timer_started":0,"timer_duration":0,"timer_remaining":0,"brightness":100}
[shellies/shelly/lampe/light/0/power] 0.00
[shellies/shelly/lampe/light/0/energy] 85
[shellies/shelly/lampe/light/0] off
[shellies/shelly/lampe/light/0/status] {"ison":false,"has_timer":false,"timer_started":0,"timer_duration":0,"timer_remaining":0,"brightness":100}
[shellies/shelly/lampe/light/0/power] 0.00
[shellies/shelly/lampe/light/0/energy] 85
[shellies/shelly/lampe/light/0] on
[shellies/shelly/lampe/light/0/status] {"ison":true,"has_timer":false,"timer_started":0,"timer_duration":0,"timer_remaining":0,"brightness":100}
[shellies/shelly/lampe/light/0/power] 6.00
[shellies/shelly/lampe/light/0/energy] 85
[shellies/shelly/lampe/light/0/energy] 90
[shellies/shelly/lampe/light/0] on
[shellies/shelly/lampe/light/0/status] {"ison":true,"has_timer":false,"timer_started":0,"timer_duration":0,"timer_remaining":0,"brightness":100}
[shellies/shelly/lampe/light/0/power] 6.00
[shellies/shelly/lampe/light/0/energy] 90
[shellies/shelly/lampe/light/0] on
[shellies/shelly/lampe/light/0/status] {"ison":true,"has_timer":false,"timer_started":0,"timer_duration":0,"timer_remaining":0,"brightness":100}
[shellies/shelly/lampe/light/0/power] 6.00
[shellies/shelly/lampe/light/0/energy] 90
[shellies/shelly/lampe/light/0/energy] 96
[shellies/shelly/lampe/light/0] on
[shellies/shelly/lampe/light/0/status] {"ison":true,"has_timer":false,"timer_started":0,"timer_duration":0,"timer_remaining":0,"brightness":100}
[shellies/shelly/lampe/light/0/power] 6.00
[shellies/shelly/lampe/light/0/energy] 96
[shellies/shelly/lampe/light/0] on
[shellies/shelly/lampe/light/0/status] {"ison":true,"has_timer":false,"timer_started":0,"timer_duration":0,"timer_remaining":0,"brightness":100}
[shellies/shelly/lampe/light/0/power] 6.00
[shellies/shelly/lampe/light/0/energy] 96
[shellies/shelly/lampe/light/0/energy] 102
[shellies/shelly/lampe/light/0] on
[shellies/shelly/lampe/light/0/status] {"ison":true,"has_timer":false,"timer_started":0,"timer_duration":0,"timer_remaining":0,"brightness":100}
[shellies/shelly/lampe/light/0/power] 6.00
[shellies/shelly/lampe/light/0/energy] 102
[test] vraiment
[shellies/shelly/lampe/light/0/energy] 108
[shellies/shelly/lampe/light/0] on
[shellies/shelly/lampe/light/0/status] {"ison":true,"has_timer":false,"timer_started":0,"timer_duration":0,"timer_remaining":0,"brightness":100}
[shellies/shelly/lampe/light/0/power] 6.00
[shellies/shelly/lampe/light/0/energy] 108
[shellies/shelly/lampe/light/0] on
[shellies/shelly/lampe/light/0/status] {"ison":true,"has_timer":false,"timer_started":0,"timer_duration":0,"timer_remaining":0,"brightness":100}
[shellies/shelly/lampe/light/0/power] 6.00
[shellies/shelly/lampe/light/0/energy] 108
[shellies/shelly/lampe/light/0/energy] 114
[shellies/shelly/lampe/light/0] on
[shellies/shelly/lampe/light/0/status] {"ison":true,"has_timer":false,"timer_started":0,"timer_duration":0,"timer_remaining":0,"brightness":100}
[shellies/shelly/lampe/light/0/power] 6.00
[shellies/shelly/lampe/light/0/energy] 114
[shellies/shelly/lampe/light/0] on
[shellies/shelly/lampe/light/0/status] {"ison":true,"has_timer":false,"timer_started":0,"timer_duration":0,"timer_remaining":0,"brightness":100}
[shellies/shelly/lampe/light/0/power] 6.00
[shellies/shelly/lampe/light/0/energy] 114
[shellies/shelly/lampe/light/0/energy] 120
[shellies/shelly/lampe/light/0] on
[shellies/shelly/lampe/light/0/status] {"ison":true,"has_timer":false,"timer_started":0,"timer_duration":0,"timer_remaining":0,"brightness":100}
[shellies/shelly/lampe/light/0/power] 6.00
[shellies/shelly/lampe/light/0/energy] 120
[shellies/shelly/lampe/light/0] on
[shellies/shelly/lampe/light/0/status] {"ison":true,"has_timer":false,"timer_started":0,"timer_duration":0,"timer_remaining":0,"brightness":100}
[shellies/shelly/lampe/light/0/power] 6.00
[shellies/shelly/lampe/light/0/energy] 120
[shellies/shelly/lampe/light/0/energy] 126
[shellies/shelly/lampe/light/0] on
[shellies/shelly/lampe/light/0/status] {"ison":true,"has_timer":false,"timer_started":0,"timer_duration":0,"timer_remaining":0,"brightness":100}
[shellies/shelly/lampe/light/0/power] 6.00
[shellies/shelly/lampe/light/0/energy] 126
[shellies/shelly/lampe/light/0] on
[shellies/shelly/lampe/light/0/status] {"ison":true,"has_timer":false,"timer_started":0,"timer_duration":0,"timer_remaining":0,"brightness":100}
[shellies/shelly/lampe/light/0/power] 6.00
[shellies/shelly/lampe/light/0/energy] 126
[shellies/shelly/lampe/light/0/energy] 132
[shellies/shelly/lampe/light/0] on
[shellies/shelly/lampe/light/0/status] {"ison":true,"has_timer":false,"timer_started":0,"timer_duration":0,"timer_remaining":0,"brightness":100}
[shellies/shelly/lampe/light/0/power] 6.00
[shellies/shelly/lampe/light/0/energy] 132
[shellies/shelly/lampe/light/0] on
[shellies/shelly/lampe/light/0/status] {"ison":true,"has_timer":false,"timer_started":0,"timer_duration":0,"timer_remaining":0,"brightness":100}
[shellies/shelly/lampe/light/0/power] 6.00
[shellies/shelly/lampe/light/0/energy] 132
[shellies/shelly/lampe/light/0/energy] 138
[shellies/shelly/lampe/light/0] on
[shellies/shelly/lampe/light/0/status] {"ison":true,"has_timer":false,"timer_started":0,"timer_duration":0,"timer_remaining":0,"brightness":100}
[shellies/shelly/lampe/light/0/power] 6.00
[shellies/shelly/lampe/light/0/energy] 138
[shellies/shelly/lampe/light/0] on
[shellies/shelly/lampe/light/0/status] {"ison":true,"has_timer":false,"timer_started":0,"timer_duration":0,"timer_remaining":0,"brightness":100}
[shellies/shelly/lampe/light/0/power] 6.00
[shellies/shelly/lampe/light/0/energy] 138
[shellies/shelly/lampe/light/0/energy] 144
[shellies/shelly/lampe/light/0] on
[shellies/shelly/lampe/light/0/status] {"ison":true,"has_timer":false,"timer_started":0,"timer_duration":0,"timer_remaining":0,"brightness":100}
[shellies/shelly/lampe/light/0/power] 6.00
[shellies/shelly/lampe/light/0/energy] 144
[shellies/shelly/lampe/light/0] on
[shellies/shelly/lampe/light/0/status] {"ison":true,"has_timer":false,"timer_started":0,"timer_duration":0,"timer_remaining":0,"brightness":100}
[shellies/shelly/lampe/light/0/power] 6.00
[shellies/shelly/lampe/light/0/energy] 144
[shellies/shelly/lampe/light/0/energy] 150
[shellies/shelly/lampe/light/0] on
[shellies/shelly/lampe/light/0/status] {"ison":true,"has_timer":false,"timer_started":0,"timer_duration":0,"timer_remaining":0,"brightness":100}
[shellies/shelly/lampe/light/0/power] 6.00
[shellies/shelly/lampe/light/0/energy] 150
[shellies/shelly/lampe/light/0] on
[shellies/shelly/lampe/light/0/status] {"ison":true,"has_timer":false,"timer_started":0,"timer_duration":0,"timer_remaining":0,"brightness":100}
[shellies/shelly/lampe/light/0/power] 6.00
[shellies/shelly/lampe/light/0/energy] 150
[shellies/shelly/lampe/light/0/energy] 156
[shellies/shelly/lampe/light/0] on
[shellies/shelly/lampe/light/0/status] {"ison":true,"has_timer":false,"timer_started":0,"timer_duration":0,"timer_remaining":0,"brightness":100}
[shellies/shelly/lampe/light/0/power] 6.00
[shellies/shelly/lampe/light/0/energy] 156
[shellies/shelly/lampe/light/0] on
[shellies/shelly/lampe/light/0/status] {"ison":true,"has_timer":false,"timer_started":0,"timer_duration":0,"timer_remaining":0,"brightness":100}
[shellies/shelly/lampe/light/0/power] 6.00
[shellies/shelly/lampe/light/0/energy] 156
[shellies/shelly/lampe/light/0/energy] 162
[shellies/shelly/lampe/light/0] on
[shellies/shelly/lampe/light/0/status] {"ison":true,"has_timer":false,"timer_started":0,"timer_duration":0,"timer_remaining":0,"brightness":100}
[shellies/shelly/lampe/light/0/power] 6.00
[shellies/shelly/lampe/light/0/energy] 162
[shellies/shelly/lampe/light/0] on
[shellies/shelly/lampe/light/0/status] {"ison":true,"has_timer":false,"timer_started":0,"timer_duration":0,"timer_remaining":0,"brightness":100}
[shellies/shelly/lampe/light/0/power] 6.00
[shellies/shelly/lampe/light/0/energy] 162
[shellies/shelly/lampe/light/0/energy] 168
[shellies/shelly/lampe/light/0] on
[shellies/shelly/lampe/light/0/status] {"ison":true,"has_timer":false,"timer_started":0,"timer_duration":0,"timer_remaining":0,"brightness":100}
[shellies/shelly/lampe/light/0/power] 6.00
[shellies/shelly/lampe/light/0/energy] 168
[shellies/shelly/lampe/light/0] on
[shellies/shelly/lampe/light/0/status] {"ison":true,"has_timer":false,"timer_started":0,"timer_duration":0,"timer_remaining":0,"brightness":100}
[shellies/shelly/lampe/light/0/power] 6.00
[shellies/shelly/lampe/light/0/energy] 168
[shellies/shelly/lampe/light/0/energy] 174
[shellies/shelly/lampe/light/0] on
[shellies/shelly/lampe/light/0/status] {"ison":true,"has_timer":false,"timer_started":0,"timer_duration":0,"timer_remaining":0,"brightness":100}
[shellies/shelly/lampe/light/0/power] 6.00
[shellies/shelly/lampe/light/0/energy] 174
[shellies/shelly/lampe/light/0] on
[shellies/shelly/lampe/light/0/status] {"ison":true,"has_timer":false,"timer_started":0,"timer_duration":0,"timer_remaining":0,"brightness":100}
[shellies/shelly/lampe/light/0/power] 6.00
[shellies/shelly/lampe/light/0/energy] 174
[shellies/shelly/lampe/light/0/energy] 180
[shellies/shelly/lampe/light/0] on
[shellies/shelly/lampe/light/0/status] {"ison":true,"has_timer":false,"timer_started":0,"timer_duration":0,"timer_remaining":0,"brightness":100}
[shellies/shelly/lampe/light/0/power] 6.00
[shellies/shelly/lampe/light/0/energy] 180
[shellies/shelly/lampe/light/0] on
[shellies/shelly/lampe/light/0/status] {"ison":true,"has_timer":false,"timer_started":0,"timer_duration":0,"timer_remaining":0,"brightness":100}
[shellies/shelly/lampe/light/0/power] 6.00
[shellies/shelly/lampe/light/0/energy] 180
[shellies/shelly/lampe/light/0/energy] 186
[shellies/shelly/lampe/light/0] on
[shellies/shelly/lampe/light/0/status] {"ison":true,"has_timer":false,"timer_started":0,"timer_duration":0,"timer_remaining":0,"brightness":100}
[shellies/shelly/lampe/light/0/power] 6.00
[shellies/shelly/lampe/light/0/energy] 186
[shellies/shelly/lampe/light/0] on
[shellies/shelly/lampe/light/0/status] {"ison":true,"has_timer":false,"timer_started":0,"timer_duration":0,"timer_remaining":0,"brightness":100}
[shellies/shelly/lampe/light/0/power] 6.00
[shellies/shelly/lampe/light/0/energy] 186
[shellies/shelly/lampe/light/0/energy] 192
[shellies/shelly/lampe/light/0] on
[shellies/shelly/lampe/light/0/status] {"ison":true,"has_timer":false,"timer_started":0,"timer_duration":0,"timer_remaining":0,"brightness":100}
[shellies/shelly/lampe/light/0/power] 6.00
[shellies/shelly/lampe/light/0/energy] 192
[shellies/shelly/lampe/light/0] on
[shellies/shelly/lampe/light/0/status] {"ison":true,"has_timer":false,"timer_started":0,"timer_duration":0,"timer_remaining":0,"brightness":9}
[shellies/shelly/lampe/light/0/power] 0.05
[shellies/shelly/lampe/light/0/energy] 192
[shellies/shelly/lampe/light/0] on
[shellies/shelly/lampe/light/0/status] {"ison":true,"has_timer":false,"timer_started":0,"timer_duration":0,"timer_remaining":0,"brightness":9}
[shellies/shelly/lampe/light/0/power] 0.05
[shellies/shelly/lampe/light/0/energy] 192
[test] vraiment
[shellies/shelly/lampe/light/0] on
[shellies/shelly/lampe/light/0/status] {"ison":true,"has_timer":false,"timer_started":0,"timer_duration":0,"timer_remaining":0,"brightness":18}
[shellies/shelly/lampe/light/0/power] 0.19
[shellies/shelly/lampe/light/0/energy] 192
[shellies/shelly/lampe/light/0/energy] 194
[shellies/shelly/lampe/light/0] on
[shellies/shelly/lampe/light/0/status] {"ison":true,"has_timer":false,"timer_started":0,"timer_duration":0,"timer_remaining":0,"brightness":39}
[shellies/shelly/lampe/light/0/power] 0.91
[shellies/shelly/lampe/light/0/energy] 194
[shellies/shelly/lampe/light/0] on
[shellies/shelly/lampe/light/0/status] {"ison":true,"has_timer":false,"timer_started":0,"timer_duration":0,"timer_remaining":0,"brightness":39}
[shellies/shelly/lampe/light/0/power] 0.91
[shellies/shelly/lampe/light/0/energy] 194
[shellies/shelly/lampe/light/0] on
[shellies/shelly/lampe/light/0/status] {"ison":true,"has_timer":false,"timer_started":0,"timer_duration":0,"timer_remaining":0,"brightness":39}
[shellies/shelly/lampe/light/0/power] 0.91
[shellies/shelly/lampe/light/0/energy] 194
[shellies/shelly/lampe/light/0/energy] 195
[shellies/shelly/lampe/light/0] on
[shellies/shelly/lampe/light/0/status] {"ison":true,"has_timer":false,"timer_started":0,"timer_duration":0,"timer_remaining":0,"brightness":39}
[shellies/shelly/lampe/light/0/power] 0.91
[shellies/shelly/lampe/light/0/energy] 195
[test] vraiment
[shellies/shelly/lampe/light/0] on
[shellies/shelly/lampe/light/0] on
[shellies/shelly/lampe/light/0/status] {"ison":true,"has_timer":false,"timer_started":0,"timer_duration":0,"timer_remaining":0,"brightness":39}
[shellies/shelly/lampe/light/0/power] 0.91
[shellies/shelly/lampe/light/0/energy] 195
[shellies/shelly/lampe/light/0] on
[shellies/shelly/lampe/light/0/status] {"ison":true,"has_timer":false,"timer_started":0,"timer_duration":0,"timer_remaining":0,"brightness":48}
[shellies/shelly/lampe/light/0/power] 1.38
[shellies/shelly/lampe/light/0/energy] 195
[shellies/shelly/lampe/light/0/energy] 196
[shellies/shelly/lampe/light/0] on
[shellies/shelly/lampe/light/0/status] {"ison":true,"has_timer":false,"timer_started":0,"timer_duration":0,"timer_remaining":0,"brightness":48}
[shellies/shelly/lampe/light/0/power] 1.38
[shellies/shelly/lampe/light/0/energy] 196
[shellies/shelly/lampe/light/0] on
[shellies/shelly/lampe/light/0/status] {"ison":true,"has_timer":false,"timer_started":0,"timer_duration":0,"timer_remaining":0,"brightness":48}
[shellies/shelly/lampe/light/0/power] 1.38
[shellies/shelly/lampe/light/0/energy] 196
[shellies/shelly/lampe/light/0/energy] 197
[shellies/shelly/lampe/light/0] on
[shellies/shelly/lampe/light/0/status] {"ison":true,"has_timer":false,"timer_started":0,"timer_duration":0,"timer_remaining":0,"brightness":48}
[shellies/shelly/lampe/light/0/power] 1.38
[shellies/shelly/lampe/light/0/energy] 197
[shellies/shelly/lampe/light/0] on
[shellies/shelly/lampe/light/0/status] {"ison":true,"has_timer":false,"timer_started":0,"timer_duration":0,"timer_remaining":0,"brightness":48}
[shellies/shelly/lampe/light/0/power] 1.38
[shellies/shelly/lampe/light/0/energy] 197
[shellies/shelly/lampe/light/0/energy] 199
[shellies/shelly/lampe/light/0] on
[shellies/shelly/lampe/light/0/status] {"ison":true,"has_timer":false,"timer_started":0,"timer_duration":0,"timer_remaining":0,"brightness":48}
[shellies/shelly/lampe/light/0/power] 1.38
[shellies/shelly/lampe/light/0/energy] 199
